Fri Jul 03 09:14:22 CEST 2020 : Apache Derby Network Server - 10.10.2.0 - (1582446) started and ready to accept connections on port 1527
----------------------------------------------------------------
Fri Jul 03 09:14:35 CEST 2020:
Booting Derby version The Apache Software Foundation - Apache Derby - 10.10.2.0 - (1582446): instance a816c00e-0173-1386-a490-ffff9460fa58 
on database directory C:\Users\jerem\Desktop\Kleiderschrank Projekt\Database\Kleiderschrank with class loader sun.misc.Launcher$AppClassLoader@1d44bcfa 
Loaded from file:/C:/Program%20Files/glassfish-4.1.1/javadb/lib/derby.jar
java.vendor=Oracle Corporation
java.runtime.version=1.8.0_221-b11
user.dir=C:\Program Files\glassfish-4.1.1\javadb
os.name=Windows 10
os.arch=amd64
os.version=10.0
derby.system.home=C:\Users\jerem\Desktop\Kleiderschrank Projekt\Database
Database Class Loader started - derby.database.classpath=''
----------------------------------------------------------------
Fri Jul 03 09:16:38 CEST 2020: Shutting down Derby engine
----------------------------------------------------------------
Fri Jul 03 09:16:38 CEST 2020:
Shutting down instance a816c00e-0173-1386-a490-ffff9460fa58 on database directory C:\Users\jerem\Desktop\Kleiderschrank Projekt\Database\Kleiderschrank with class loader sun.misc.Launcher$AppClassLoader@1d44bcfa 
----------------------------------------------------------------
